<?xml version="1.0" encoding="UTF-8"?>
<testng-results ignored="0" total="4" passed="4" failed="0" skipped="0">
  <reporter-output>
  </reporter-output>
  <suite started-at="2025-05-27T14:15:11 IST" name="API Test Suite" finished-at="2025-05-27T14:15:50 IST" duration-ms="39843">
    <groups>
    </groups>
    <test started-at="2025-05-27T14:15:11 IST" name="AIJD Creation" finished-at="2025-05-27T14:15:15 IST" duration-ms="4401">
      <class name="com.XooperAPIFlows.AIJDCreation_APIFlow">
        <test-method is-config="true" signature="setup()[pri:0, instance:com.XooperAPIFlows.AIJDCreation_APIFlow@510f3d34]" started-at="2025-05-27T14:15:11 IST" name="setup" finished-at="2025-05-27T14:15:11 IST" duration-ms="524" status="PASS">
          <reporter-output>
          </reporter-output>
        </test-method> <!-- setup -->
        <test-method signature="AIJDCreatorTestData()[pri:0, instance:com.XooperAPIFlows.AIJDCreation_APIFlow@510f3d34]" started-at="2025-05-27T14:15:11 IST" name="AIJDCreatorTestData" finished-at="2025-05-27T14:15:15 IST" duration-ms="3795" status="PASS">
          <reporter-output>
          </reporter-output>
        </test-method> <!-- AIJDCreatorTestData -->
        <test-method is-config="true" signature="cleanup()[pri:0, instance:com.XooperAPIFlows.AIJDCreation_APIFlow@510f3d34]" started-at="2025-05-27T14:15:15 IST" name="cleanup" finished-at="2025-05-27T14:15:15 IST" duration-ms="52" status="PASS">
          <reporter-output>
          </reporter-output>
        </test-method> <!-- cleanup -->
      </class> <!-- com.XooperAPIFlows.AIJDCreation_APIFlow -->
    </test> <!-- AIJD Creation -->
    <test started-at="2025-05-27T14:15:15 IST" name="Resume Parser" finished-at="2025-05-27T14:15:32 IST" duration-ms="16577">
      <class name="com.XooperAPIFlows.ResumeParser_APIFlow">
        <test-method is-config="true" signature="setup()[pri:0, instance:com.XooperAPIFlows.ResumeParser_APIFlow@37271612]" started-at="2025-05-27T14:15:15 IST" name="setup" finished-at="2025-05-27T14:15:15 IST" duration-ms="338" status="PASS">
          <reporter-output>
          </reporter-output>
        </test-method> <!-- setup -->
        <test-method signature="resumeParseUploadFile()[pri:0, instance:com.XooperAPIFlows.ResumeParser_APIFlow@37271612]" started-at="2025-05-27T14:15:15 IST" name="resumeParseUploadFile" finished-at="2025-05-27T14:15:31 IST" duration-ms="16165" status="PASS">
          <reporter-output>
          </reporter-output>
        </test-method> <!-- resumeParseUploadFile -->
        <test-method is-config="true" signature="cleanup()[pri:0, instance:com.XooperAPIFlows.ResumeParser_APIFlow@37271612]" started-at="2025-05-27T14:15:31 IST" name="cleanup" finished-at="2025-05-27T14:15:32 IST" duration-ms="72" status="PASS">
          <reporter-output>
          </reporter-output>
        </test-method> <!-- cleanup -->
      </class> <!-- com.XooperAPIFlows.ResumeParser_APIFlow -->
    </test> <!-- Resume Parser -->
    <test started-at="2025-05-27T14:15:32 IST" name="Candidate Matching" finished-at="2025-05-27T14:15:38 IST" duration-ms="6809">
      <class name="com.XooperAPIFlows.CandidateMatching_APIFlow">
        <test-method is-config="true" signature="setup()[pri:0, instance:com.XooperAPIFlows.CandidateMatching_APIFlow@77f80c04]" started-at="2025-05-27T14:15:32 IST" name="setup" finished-at="2025-05-27T14:15:32 IST" duration-ms="43" status="PASS">
          <reporter-output>
          </reporter-output>
        </test-method> <!-- setup -->
        <test-method signature="candidateMatching()[pri:0, instance:com.XooperAPIFlows.CandidateMatching_APIFlow@77f80c04]" started-at="2025-05-27T14:15:32 IST" name="candidateMatching" finished-at="2025-05-27T14:15:38 IST" duration-ms="6718" status="PASS">
          <reporter-output>
          </reporter-output>
        </test-method> <!-- candidateMatching -->
        <test-method is-config="true" signature="cleanup()[pri:0, instance:com.XooperAPIFlows.CandidateMatching_APIFlow@77f80c04]" started-at="2025-05-27T14:15:38 IST" name="cleanup" finished-at="2025-05-27T14:15:38 IST" duration-ms="47" status="PASS">
          <reporter-output>
          </reporter-output>
        </test-method> <!-- cleanup -->
      </class> <!-- com.XooperAPIFlows.CandidateMatching_APIFlow -->
    </test> <!-- Candidate Matching -->
    <test started-at="2025-05-27T14:15:38 IST" name="Skill Gap Analysis" finished-at="2025-05-27T14:15:50 IST" duration-ms="12011">
      <class name="com.XooperAPIFlows.SkillGapAnalysisReport_APIFlow">
        <test-method is-config="true" signature="setupReport()[pri:0, instance:com.XooperAPIFlows.SkillGapAnalysisReport_APIFlow@68e5eea7]" started-at="2025-05-27T14:15:10 IST" name="setupReport" finished-at="2025-05-27T14:15:11 IST" duration-ms="226" status="PASS">
          <reporter-output>
          </reporter-output>
        </test-method> <!-- setupReport -->
        <test-method is-config="true" signature="setup()[pri:0, instance:com.XooperAPIFlows.SkillGapAnalysisReport_APIFlow@68e5eea7]" started-at="2025-05-27T14:15:38 IST" name="setup" finished-at="2025-05-27T14:15:38 IST" duration-ms="73" status="PASS">
          <reporter-output>
          </reporter-output>
        </test-method> <!-- setup -->
        <test-method signature="ReportGeneration()[pri:0, instance:com.XooperAPIFlows.SkillGapAnalysisReport_APIFlow@68e5eea7]" started-at="2025-05-27T14:15:38 IST" name="ReportGeneration" finished-at="2025-05-27T14:15:50 IST" duration-ms="11745" status="PASS">
          <reporter-output>
          </reporter-output>
        </test-method> <!-- ReportGeneration -->
        <test-method is-config="true" signature="cleanup()[pri:0, instance:com.XooperAPIFlows.SkillGapAnalysisReport_APIFlow@68e5eea7]" started-at="2025-05-27T14:15:50 IST" name="cleanup" finished-at="2025-05-27T14:15:50 IST" duration-ms="190" status="PASS">
          <reporter-output>
          </reporter-output>
        </test-method> <!-- cleanup -->
        <test-method is-config="true" signature="tearDown()[pri:0, instance:com.XooperAPIFlows.SkillGapAnalysisReport_APIFlow@68e5eea7]" started-at="2025-05-27T14:15:50 IST" name="tearDown" finished-at="2025-05-27T14:15:51 IST" duration-ms="255" status="PASS">
          <reporter-output>
          </reporter-output>
        </test-method> <!-- tearDown -->
      </class> <!-- com.XooperAPIFlows.SkillGapAnalysisReport_APIFlow -->
    </test> <!-- Skill Gap Analysis -->
  </suite> <!-- API Test Suite -->
</testng-results>
