<?xml version="1.0" encoding="UTF-8"?>
<testng-results ignored="0" total="1" passed="1" failed="0" skipped="0">
  <reporter-output>
  </reporter-output>
  <suite started-at="2025-02-06T16:42:26 IST" name="Default suite" finished-at="2025-02-06T16:42:30 IST" duration-ms="3315">
    <groups>
    </groups>
    <test started-at="2025-02-06T16:42:26 IST" name="Default test" finished-at="2025-02-06T16:42:30 IST" duration-ms="3315">
      <class name="com.Xooper.AIAPP.RegistrationTest">
        <test-method is-config="true" signature="setup()[pri:0, instance:com.Xooper.AIAPP.RegistrationTest@292b08d6]" started-at="2025-02-06T16:42:26 IST" name="setup" finished-at="2025-02-06T16:42:29 IST" duration-ms="3094" status="PASS">
          <reporter-output>
          </reporter-output>
        </test-method> <!-- setup -->
        <test-method signature="testRegistration()[pri:0, instance:com.Xooper.AIAPP.RegistrationTest@292b08d6]" started-at="2025-02-06T16:42:29 IST" name="testRegistration" finished-at="2025-02-06T16:42:29 IST" duration-ms="7" status="PASS">
          <reporter-output>
          </reporter-output>
        </test-method> <!-- testRegistration -->
        <test-method is-config="true" signature="teardown()[pri:0, instance:com.Xooper.AIAPP.RegistrationTest@292b08d6]" started-at="2025-02-06T16:42:29 IST" name="teardown" finished-at="2025-02-06T16:42:30 IST" duration-ms="183" status="PASS">
          <reporter-output>
          </reporter-output>
        </test-method> <!-- teardown -->
      </class> <!-- com.Xooper.AIAPP.RegistrationTest -->
    </test> <!-- Default test -->
  </suite> <!-- Default suite -->
</testng-results>
